<?xml version="1.0" encoding="UTF-8"?>
<!-- Generated by org.testng.reporters.JUnitXMLReporter -->
<testsuite hostname="DESKTOP-A15AP0F" ignored="0" name="Test" tests="4" failures="0" timestamp="2020-09-26T20:44:35 IST" time="58.702" errors="0">
  <testcase name="basePageNavigation" time="0.396" classname="Academy.ValidateTextLink"/>
  <testcase name="basePageNavigation" time="0.142" classname="Academy.ValidateNavigationBar"/>
  <testcase name="basePageNavigation" time="12.828" classname="Academy.HomePage"/>
  <testcase name="basePageNavigation" time="5.294" classname="Academy.HomePage"/>
</testsuite> <!-- Test -->
