<?xml version="1.0" encoding="UTF-8"?>
<testng-results skipped="0" failed="0" total="1" passed="1">
  <reporter-output>
  </reporter-output>
  <suite name="Suite" duration-ms="71040" started-at="2021-03-13T13:00:44Z" finished-at="2021-03-13T13:01:56Z">
    <groups>
      <group name="cucumber">
        <method signature="AbstractTestNGCucumberTests.feature(cucumber.api.testng.CucumberFeatureWrapper)[pri:0, instance:chromeOptions.TestRunner@1a451d4d]" name="feature" class="cucumber.api.testng.AbstractTestNGCucumberTests"/>
      </group> <!-- cucumber -->
    </groups>
    <test name="App Test" duration-ms="71040" started-at="2021-03-13T13:00:44Z" finished-at="2021-03-13T13:01:56Z">
      <class name="chromeOptions.TestRunner">
        <test-method status="PASS" signature="setUpClass()[pri:0, instance:chromeOptions.TestRunner@1a451d4d]" name="setUpClass" is-config="true" duration-ms="406" started-at="2021-03-13T18:30:45Z" finished-at="2021-03-13T18:30:45Z">
          <reporter-output>
          </reporter-output>
        </test-method> <!-- setUpClass -->
        <test-method status="PASS" signature="feature(cucumber.api.testng.CucumberFeatureWrapper)[pri:0, instance:chromeOptions.TestRunner@1a451d4d]" name="feature" duration-ms="70416" started-at="2021-03-13T18:30:45Z" description="Runs Cucumber Feature" data-provider="features" finished-at="2021-03-13T18:31:55Z">
          <params>
            <param index="0">
              <value>
                <![CDATA[Login into Application]]>
              </value>
            </param>
          </params>
          <reporter-output>
          </reporter-output>
        </test-method> <!-- feature -->
        <test-method status="PASS" signature="tearDownClass()[pri:0, instance:chromeOptions.TestRunner@1a451d4d]" name="tearDownClass" is-config="true" duration-ms="50" started-at="2021-03-13T18:31:55Z" finished-at="2021-03-13T18:31:56Z">
          <reporter-output>
          </reporter-output>
        </test-method> <!-- tearDownClass -->
      </class> <!-- chromeOptions.TestRunner -->
    </test> <!-- App Test -->
  </suite> <!-- Suite -->
</testng-results>
